<?xml version="1.0" encoding="UTF-8"?>
<!-- Generated by org.testng.reporters.JUnitReportReporter -->
<testsuite hostname="hp" failures="0" tests="1" name="Test_Classes.Test__1" time="16.255" errors="0" timestamp="2023-01-19T16:12:49 IST" skipped="0">
  <testcase classname="Test_Classes.Test__1" name="verifyusername12" time="16.255"/>
  <system-out/>
</testsuite> <!-- Test_Classes.Test__1 -->
